#
# A fatal error has been detected by the Java Runtime Environment:
#
#  EXCEPTION_ACCESS_VIOLATION (0xc0000005) at pc=0x00007ffc4e361b65, pid=12952, tid=5700
#
# JRE version: OpenJDK Runtime Environment AdoptOpenJDK (11.0.8+10) (build 11.0.8+10)
# Java VM: OpenJDK 64-Bit Server VM AdoptOpenJDK (11.0.8+10, mixed mode, tiered, compressed oops, g1 gc, windows-amd64)
# Problematic frame:
# C  [glfw.dll+0x1b65]
#
# No core dump will be written. Minidumps are not enabled by default on client versions of Windows
#
# If you would like to submit a bug report, please visit:
#   https://github.com/AdoptOpenJDK/openjdk-support/issues
# The crash happened outside the Java Virtual Machine in native code.
# See problematic frame for where to report the bug.
#

---------------  S U M M A R Y ------------

Command Line: -Dfile.encoding=Cp1252 main.App

Host: Intel(R) Core(TM) i7-9700KF CPU @ 3.60GHz, 8 cores, 15G,  Windows 10 , 64 bit Build 19041 (10.0.19041.804)
Time: Mon Mar 15 16:00:22 2021 Hora oficial do Brasil elapsed time: 0 seconds (0d 0h 0m 0s)

---------------  T H R E A D  ---------------

Current thread (0x000002145c3bc000):  JavaThread "game" [_thread_in_native, id=5700, stack(0x000000cb4bc00000,0x000000cb4bd00000)]

Stack: [0x000000cb4bc00000,0x000000cb4bd00000],  sp=0x000000cb4bcff4f8,  free space=1021k
Native frames: (J=compiled Java code, j=interpreted, Vv=VM code, C=native code)
C  [glfw.dll+0x1b65]

Java frames: (J=compiled Java code, j=interpreted, Vv=VM code)
j  org.lwjgl.system.JNI.invokePV(JJ)V+0
j  org.lwjgl.glfw.GLFW.glfwSwapBuffers(J)V+17
j  engine.Window.create()V+95
j  main.App.init()V+29
j  main.App.run()V+0
j  java.lang.Thread.run()V+11 java.base@11.0.8
v  ~StubRoutines::call_stub

siginfo: EXCEPTION_ACCESS_VIOLATION (0xc0000005), reading address 0x00000000000001f9


Register to memory mapping:

RIP=0x00007ffc4e361b65 glfw.dll
RAX=0x00007ffc4d4b1a60 lwjgl.dll
RBX={method} {0x000002145bfc69e8} 'invokePV' '(JJ)V' in 'org/lwjgl/system/JNI'
RCX=0x0000000000000001 is an unknown value
RDX=0x000000cb4bcff5a0 is pointing into the stack for thread: 0x000002145c3bc000
RSP=0x000000cb4bcff4f8 is pointing into the stack for thread: 0x000002145c3bc000
RBP=0x000000cb4bcff590 is pointing into the stack for thread: 0x000002145c3bc000
RSI=0x0 is NULL
RDI=0x0000021440249da7 is at code_begin+2343 in an Interpreter codelet
invoke return entry points  [0x0000021440249480, 0x0000021440249e80]  2560 bytes
R8 =0x0000000000000001 is an unknown value
R9 =0x00007ffc4e361b50 glfw.dll
R10=0x000002144024ef68 is at code_begin+1000 in an Interpreter codelet
method entry point (kind = native)  [0x000002144024eb80, 0x000002144024f620]  2720 bytes
R11=0x0000000710e69048 is an oop: java.lang.Class 
{0x0000000710e69048} - klass: 'java/lang/Class'
R12=0x0 is NULL
R13={method} {0x000002145bfc69e8} 'invokePV' '(JJ)V' in 'org/lwjgl/system/JNI'
R14=0x000000cb4bcff5c8 is pointing into the stack for thread: 0x000002145c3bc000
R15=0x000002145c3bc000 is a thread


Registers:
RAX=0x00007ffc4d4b1a60, RBX=0x000002145bfc69e0, RCX=0x0000000000000001, RDX=0x000000cb4bcff5a0
RSP=0x000000cb4bcff4f8, RBP=0x000000cb4bcff590, RSI=0x0000000000000000, RDI=0x0000021440249da7
R8 =0x0000000000000001, R9 =0x00007ffc4e361b50, R10=0x000002144024ef68, R11=0x0000000710e69048
R12=0x0000000000000000, R13=0x000002145bfc69e0, R14=0x000000cb4bcff5c8, R15=0x000002145c3bc000
RIP=0x00007ffc4e361b65, EFLAGS=0x0000000000010202

Top of Stack: (sp=0x000000cb4bcff4f8)
0x000000cb4bcff4f8:   000002144024ef97 000000cb4bcff550
0x000000cb4bcff508:   00000000000000b8 000002145c3bc000
0x000000cb4bcff518:   00007ffc128efb9c 000002145c3bc000
0x000000cb4bcff528:   00007ffc12b225af 3ff0000000000000
0x000000cb4bcff538:   00007ffc12706619 0000000000000000
0x000000cb4bcff548:   000000cb4bcff548 0000000000000000
0x000000cb4bcff558:   000000cb4bcff5c8 000002145bff0ed0
0x000000cb4bcff568:   0000000000000000 0000000710e69048
0x000000cb4bcff578:   000002145bfc69e0 0000000000000000
0x000000cb4bcff588:   000000cb4bcff5b0 000000cb4bcff618
0x000000cb4bcff598:   0000021440249da7 0000000710e69048
0x000000cb4bcff5a8:   000002144024bf38 00007ffc4e361b50
0x000000cb4bcff5b8:   0000000000000000 0000000000000001
0x000000cb4bcff5c8:   0000000000000000 000000cb4bcff5d0
0x000000cb4bcff5d8:   000002145bcdf8e9 000000cb4bcff640
0x000000cb4bcff5e8:   000002145bceafd0 0000000000000000 

Instructions: (pc=0x00007ffc4e361b65)
0x00007ffc4e361a65:   01 00 01 00 e8 f2 01 00 00 33 c0 48 83 c4 20 5b
0x00007ffc4e361a75:   c3 48 8d 0d 2f 4e 05 00 e8 4e 90 00 00 48 85 c0
0x00007ffc4e361a85:   75 19 48 8d 15 f2 60 02 00 b9 02 00 01 00 e8 c8
0x00007ffc4e361a95:   01 00 00 33 c0 48 83 c4 20 5b c3 48 8b cb 48 83
0x00007ffc4e361aa5:   c4 20 5b 48 ff a0 60 02 00 00 cc 40 53 48 83 ec
0x00007ffc4e361ab5:   20 48 8b d9 48 8d 0d ec 4d 05 00 e8 0b 90 00 00
0x00007ffc4e361ac5:   83 3d 44 3f 05 00 00 48 8b d0 75 11 33 d2 b9 01
0x00007ffc4e361ad5:   00 01 00 48 83 c4 20 5b e9 7e 01 00 00 48 85 db
0x00007ffc4e361ae5:   74 1f 83 bb f8 01 00 00 00 75 16 48 8d 15 f9 5e
0x00007ffc4e361af5:   02 00 b9 0a 00 01 00 48 83 c4 20 5b e9 5a 01 00
0x00007ffc4e361b05:   00 48 85 d2 74 1b 48 85 db 74 0e 8b 80 fc 01 00
0x00007ffc4e361b15:   00 39 83 fc 01 00 00 74 08 33 c9 ff 92 40 02 00
0x00007ffc4e361b25:   00 48 85 db 74 12 48 8b cb 48 8b 83 40 02 00 00
0x00007ffc4e361b35:   48 83 c4 20 5b 48 ff e0 48 83 c4 20 5b c3 cc cc
0x00007ffc4e361b45:   cc cc cc cc cc cc cc cc cc cc cc 83 3d b9 3e 05
0x00007ffc4e361b55:   00 00 75 0c 33 d2 b9 01 00 01 00 e9 fb 00 00 00
0x00007ffc4e361b65:   83 b9 f8 01 00 00 00 75 11 48 8d 15 cb 5e 02 00
0x00007ffc4e361b75:   b9 0a 00 01 00 e9 e1 00 00 00 48 ff a1 48 02 00
0x00007ffc4e361b85:   00 cc cc cc cc cc cc cc cc cc cc 40 53 48 83 ec
0x00007ffc4e361b95:   20 83 3d 73 3e 05 00 00 8b d9 75 11 33 d2 b9 01
0x00007ffc4e361ba5:   00 01 00 48 83 c4 20 5b e9 ae 00 00 00 48 8d 0d
0x00007ffc4e361bb5:   f3 4c 05 00 e8 12 8f 00 00 48 85 c0 75 16 48 8d
0x00007ffc4e361bc5:   15 c6 5e 02 00 b9 02 00 01 00 48 83 c4 20 5b e9
0x00007ffc4e361bd5:   87 00 00 00 8b cb 48 83 c4 20 5b 48 ff a0 50 02
0x00007ffc4e361be5:   00 00 cc cc cc cc cc cc cc cc cc 48 89 54 24 10
0x00007ffc4e361bf5:   4c 89 44 24 18 4c 89 4c 24 20 53 56 57 48 83 ec
0x00007ffc4e361c05:   30 48 8b da 48 8d 74 24 60 48 8b f9 e8 ea f3 ff
0x00007ffc4e361c15:   ff 48 89 74 24 28 4c 8b cb 49 c7 c0 ff ff ff ff
0x00007ffc4e361c25:   48 c7 44 24 20 00 00 00 00 48 8b d7 48 8b 08 e8
0x00007ffc4e361c35:   e7 6e 01 00 48 83 c4 30 5f 5e 5b c3 cc cc cc cc
0x00007ffc4e361c45:   cc cc cc cc cc cc cc cc cc cc cc 48 8d 05 d1 72
0x00007ffc4e361c55:   05 00 c3 cc cc cc cc cc cc cc cc 4c 8b dc 49 89 


Stack slot to memory mapping:
stack at sp + 0 slots: 0x000002144024ef97 is at code_begin+1047 in an Interpreter codelet
method entry point (kind = native)  [0x000002144024eb80, 0x000002144024f620]  2720 bytes
stack at sp + 1 slots: 0x000000cb4bcff550 is pointing into the stack for thread: 0x000002145c3bc000
stack at sp + 2 slots: 0x00000000000000b8 is an unknown value
stack at sp + 3 slots: 0x000002145c3bc000 is a thread
stack at sp + 4 slots: 0x00007ffc128efb9c jvm.dll
stack at sp + 5 slots: 0x000002145c3bc000 is a thread
stack at sp + 6 slots: 0x00007ffc12b225af jvm.dll
stack at sp + 7 slots: 0x3ff0000000000000 is an unknown value


---------------  P R O C E S S  ---------------

Threads class SMR info:
_java_thread_list=0x000002145c315ec0, length=11, elements={
0x000002145c12e000, 0x000002145c137000, 0x000002145c18d800, 0x000002145c125800,
0x000002145c127000, 0x000002145c12b000, 0x000002145c196000, 0x000002145c2ff800,
0x000002145c309800, 0x000002145c3bc000, 0x0000021437bc9800
}

Java Threads: ( => current thread )
  0x000002145c12e000 JavaThread "Reference Handler" daemon [_thread_blocked, id=13308, stack(0x000000cb4b200000,0x000000cb4b300000)]
  0x000002145c137000 JavaThread "Finalizer" daemon [_thread_blocked, id=16108, stack(0x000000cb4b300000,0x000000cb4b400000)]
  0x000002145c18d800 JavaThread "Signal Dispatcher" daemon [_thread_blocked, id=8932, stack(0x000000cb4b400000,0x000000cb4b500000)]
  0x000002145c125800 JavaThread "Attach Listener" daemon [_thread_blocked, id=9940, stack(0x000000cb4b500000,0x000000cb4b600000)]
  0x000002145c127000 JavaThread "C2 CompilerThread0" daemon [_thread_blocked, id=15396, stack(0x000000cb4b600000,0x000000cb4b700000)]
  0x000002145c12b000 JavaThread "C1 CompilerThread0" daemon [_thread_blocked, id=19964, stack(0x000000cb4b700000,0x000000cb4b800000)]
  0x000002145c196000 JavaThread "Sweeper thread" daemon [_thread_blocked, id=13200, stack(0x000000cb4b800000,0x000000cb4b900000)]
  0x000002145c2ff800 JavaThread "Service Thread" daemon [_thread_blocked, id=6600, stack(0x000000cb4b900000,0x000000cb4ba00000)]
  0x000002145c309800 JavaThread "Common-Cleaner" daemon [_thread_blocked, id=1464, stack(0x000000cb4bb00000,0x000000cb4bc00000)]
=>0x000002145c3bc000 JavaThread "game" [_thread_in_native, id=5700, stack(0x000000cb4bc00000,0x000000cb4bd00000)]
  0x0000021437bc9800 JavaThread "DestroyJavaVM" [_thread_blocked, id=17312, stack(0x000000cb4ab00000,0x000000cb4ac00000)]

Other Threads:
  0x000002145c0f9000 VMThread "VM Thread" [stack: 0x000000cb4b100000,0x000000cb4b200000] [id=18616]
  0x000002145c302000 WatcherThread [stack: 0x000000cb4ba00000,0x000000cb4bb00000] [id=15648]
  0x0000021437be1800 GCTaskThread "GC Thread#0" [stack: 0x000000cb4ac00000,0x000000cb4ad00000] [id=5656]
  0x0000021437c3f800 ConcurrentGCThread "G1 Main Marker" [stack: 0x000000cb4ad00000,0x000000cb4ae00000] [id=16720]
  0x0000021437c41000 ConcurrentGCThread "G1 Conc#0" [stack: 0x000000cb4ae00000,0x000000cb4af00000] [id=19332]
  0x000002145b750800 ConcurrentGCThread "G1 Refine#0" [stack: 0x000000cb4af00000,0x000000cb4b000000] [id=19880]
  0x000002145b754800 ConcurrentGCThread "G1 Young RemSet Sampling" [stack: 0x000000cb4b000000,0x000000cb4b100000] [id=11284]

Threads with active compile tasks:

VM state:not at safepoint (normal execution)

VM Mutex/Monitor currently owned by a thread: None

Heap address: 0x0000000701400000, size: 4076 MB, Compressed Oops mode: Zero based, Oop shift amount: 3
Narrow klass base: 0x0000000800000000, Narrow klass shift: 0
Compressed class space size: 1073741824 Address: 0x0000000800000000

Heap:
 garbage-first heap   total 262144K, used 5120K [0x0000000701400000, 0x0000000800000000)
  region size 1024K, 6 young (6144K), 0 survivors (0K)
 Metaspace       used 8246K, capacity 8443K, committed 8704K, reserved 1056768K
  class space    used 689K, capacity 728K, committed 768K, reserved 1048576K
Heap Regions: E=young(eden), S=young(survivor), O=old, HS=humongous(starts), HC=humongous(continues), CS=collection set, F=free, A=archive, TAMS=top-at-mark-start (previous, next)
|   0|0x0000000701400000, 0x0000000701400000, 0x0000000701500000|  0%| F|  |TAMS 0x0000000701400000, 0x0000000701400000| Untracked 
|   1|0x0000000701500000, 0x0000000701500000, 0x0000000701600000|  0%| F|  |TAMS 0x0000000701500000, 0x0000000701500000| Untracked 
|   2|0x0000000701600000, 0x0000000701600000, 0x0000000701700000|  0%| F|  |TAMS 0x0000000701600000, 0x0000000701600000| Untracked 
|   3|0x0000000701700000, 0x0000000701700000, 0x0000000701800000|  0%| F|  |TAMS 0x0000000701700000, 0x0000000701700000| Untracked 
|   4|0x0000000701800000, 0x0000000701800000, 0x0000000701900000|  0%| F|  |TAMS 0x0000000701800000, 0x0000000701800000| Untracked 
|   5|0x0000000701900000, 0x0000000701900000, 0x0000000701a00000|  0%| F|  |TAMS 0x0000000701900000, 0x0000000701900000| Untracked 
|   6|0x0000000701a00000, 0x0000000701a00000, 0x0000000701b00000|  0%| F|  |TAMS 0x0000000701a00000, 0x0000000701a00000| Untracked 
|   7|0x0000000701b00000, 0x0000000701b00000, 0x0000000701c00000|  0%| F|  |TAMS 0x0000000701b00000, 0x0000000701b00000| Untracked 
|   8|0x0000000701c00000, 0x0000000701c00000, 0x0000000701d00000|  0%| F|  |TAMS 0x0000000701c00000, 0x0000000701c00000| Untracked 
|   9|0x0000000701d00000, 0x0000000701d00000, 0x0000000701e00000|  0%| F|  |TAMS 0x0000000701d00000, 0x0000000701d00000| Untracked 
|  10|0x0000000701e00000, 0x0000000701e00000, 0x0000000701f00000|  0%| F|  |TAMS 0x0000000701e00000, 0x0000000701e00000| Untracked 
|  11|0x0000000701f00000, 0x0000000701f00000, 0x0000000702000000|  0%| F|  |TAMS 0x0000000701f00000, 0x0000000701f00000| Untracked 
|  12|0x0000000702000000, 0x0000000702000000, 0x0000000702100000|  0%| F|  |TAMS 0x0000000702000000, 0x0000000702000000| Untracked 
|  13|0x0000000702100000, 0x0000000702100000, 0x0000000702200000|  0%| F|  |TAMS 0x0000000702100000, 0x0000000702100000| Untracked 
|  14|0x0000000702200000, 0x0000000702200000, 0x0000000702300000|  0%| F|  |TAMS 0x0000000702200000, 0x0000000702200000| Untracked 
|  15|0x0000000702300000, 0x0000000702300000, 0x0000000702400000|  0%| F|  |TAMS 0x0000000702300000, 0x0000000702300000| Untracked 
|  16|0x0000000702400000, 0x0000000702400000, 0x0000000702500000|  0%| F|  |TAMS 0x0000000702400000, 0x0000000702400000| Untracked 
|  17|0x0000000702500000, 0x0000000702500000, 0x0000000702600000|  0%| F|  |TAMS 0x0000000702500000, 0x0000000702500000| Untracked 
|  18|0x0000000702600000, 0x0000000702600000, 0x0000000702700000|  0%| F|  |TAMS 0x0000000702600000, 0x0000000702600000| Untracked 
|  19|0x0000000702700000, 0x0000000702700000, 0x0000000702800000|  0%| F|  |TAMS 0x0000000702700000, 0x0000000702700000| Untracked 
|  20|0x0000000702800000, 0x0000000702800000, 0x0000000702900000|  0%| F|  |TAMS 0x0000000702800000, 0x0000000702800000| Untracked 
|  21|0x0000000702900000, 0x0000000702900000, 0x0000000702a00000|  0%| F|  |TAMS 0x0000000702900000, 0x0000000702900000| Untracked 
|  22|0x0000000702a00000, 0x0000000702a00000, 0x0000000702b00000|  0%| F|  |TAMS 0x0000000702a00000, 0x0000000702a00000| Untracked 
|  23|0x0000000702b00000, 0x0000000702b00000, 0x0000000702c00000|  0%| F|  |TAMS 0x0000000702b00000, 0x0000000702b00000| Untracked 
|  24|0x0000000702c00000, 0x0000000702c00000, 0x0000000702d00000|  0%| F|  |TAMS 0x0000000702c00000, 0x0000000702c00000| Untracked 
|  25|0x0000000702d00000, 0x0000000702d00000, 0x0000000702e00000|  0%| F|  |TAMS 0x0000000702d00000, 0x0000000702d00000| Untracked 
|  26|0x0000000702e00000, 0x0000000702e00000, 0x0000000702f00000|  0%| F|  |TAMS 0x0000000702e00000, 0x0000000702e00000| Untracked 
|  27|0x0000000702f00000, 0x0000000702f00000, 0x0000000703000000|  0%| F|  |TAMS 0x0000000702f00000, 0x0000000702f00000| Untracked 
|  28|0x0000000703000000, 0x0000000703000000, 0x0000000703100000|  0%| F|  |TAMS 0x0000000703000000, 0x0000000703000000| Untracked 
|  29|0x0000000703100000, 0x0000000703100000, 0x0000000703200000|  0%| F|  |TAMS 0x0000000703100000, 0x0000000703100000| Untracked 
|  30|0x0000000703200000, 0x0000000703200000, 0x0000000703300000|  0%| F|  |TAMS 0x0000000703200000, 0x0000000703200000| Untracked 
|  31|0x0000000703300000, 0x0000000703300000, 0x0000000703400000|  0%| F|  |TAMS 0x0000000703300000, 0x0000000703300000| Untracked 
|  32|0x0000000703400000, 0x0000000703400000, 0x0000000703500000|  0%| F|  |TAMS 0x0000000703400000, 0x0000000703400000| Untracked 
|  33|0x0000000703500000, 0x0000000703500000, 0x0000000703600000|  0%| F|  |TAMS 0x0000000703500000, 0x0000000703500000| Untracked 
|  34|0x0000000703600000, 0x0000000703600000, 0x0000000703700000|  0%| F|  |TAMS 0x0000000703600000, 0x0000000703600000| Untracked 
|  35|0x0000000703700000, 0x0000000703700000, 0x0000000703800000|  0%| F|  |TAMS 0x0000000703700000, 0x0000000703700000| Untracked 
|  36|0x0000000703800000, 0x0000000703800000, 0x0000000703900000|  0%| F|  |TAMS 0x0000000703800000, 0x0000000703800000| Untracked 
|  37|0x0000000703900000, 0x0000000703900000, 0x0000000703a00000|  0%| F|  |TAMS 0x0000000703900000, 0x0000000703900000| Untracked 
|  38|0x0000000703a00000, 0x0000000703a00000, 0x0000000703b00000|  0%| F|  |TAMS 0x0000000703a00000, 0x0000000703a00000| Untracked 
|  39|0x0000000703b00000, 0x0000000703b00000, 0x0000000703c00000|  0%| F|  |TAMS 0x0000000703b00000, 0x0000000703b00000| Untracked 
|  40|0x0000000703c00000, 0x0000000703c00000, 0x0000000703d00000|  0%| F|  |TAMS 0x0000000703c00000, 0x0000000703c00000| Untracked 
|  41|0x0000000703d00000, 0x0000000703d00000, 0x0000000703e00000|  0%| F|  |TAMS 0x0000000703d00000, 0x0000000703d00000| Untracked 
|  42|0x0000000703e00000, 0x0000000703e00000, 0x0000000703f00000|  0%| F|  |TAMS 0x0000000703e00000, 0x0000000703e00000| Untracked 
|  43|0x0000000703f00000, 0x0000000703f00000, 0x0000000704000000|  0%| F|  |TAMS 0x0000000703f00000, 0x0000000703f00000| Untracked 
|  44|0x0000000704000000, 0x0000000704000000, 0x0000000704100000|  0%| F|  |TAMS 0x0000000704000000, 0x0000000704000000| Untracked 
|  45|0x0000000704100000, 0x0000000704100000, 0x0000000704200000|  0%| F|  |TAMS 0x0000000704100000, 0x0000000704100000| Untracked 
|  46|0x0000000704200000, 0x0000000704200000, 0x0000000704300000|  0%| F|  |TAMS 0x0000000704200000, 0x0000000704200000| Untracked 
|  47|0x0000000704300000, 0x0000000704300000, 0x0000000704400000|  0%| F|  |TAMS 0x0000000704300000, 0x0000000704300000| Untracked 
|  48|0x0000000704400000, 0x0000000704400000, 0x0000000704500000|  0%| F|  |TAMS 0x0000000704400000, 0x0000000704400000| Untracked 
|  49|0x0000000704500000, 0x0000000704500000, 0x0000000704600000|  0%| F|  |TAMS 0x0000000704500000, 0x0000000704500000| Untracked 
|  50|0x0000000704600000, 0x0000000704600000, 0x0000000704700000|  0%| F|  |TAMS 0x0000000704600000, 0x0000000704600000| Untracked 
|  51|0x0000000704700000, 0x0000000704700000, 0x0000000704800000|  0%| F|  |TAMS 0x0000000704700000, 0x0000000704700000| Untracked 
|  52|0x0000000704800000, 0x0000000704800000, 0x0000000704900000|  0%| F|  |TAMS 0x0000000704800000, 0x0000000704800000| Untracked 
|  53|0x0000000704900000, 0x0000000704900000, 0x0000000704a00000|  0%| F|  |TAMS 0x0000000704900000, 0x0000000704900000| Untracked 
|  54|0x0000000704a00000, 0x0000000704a00000, 0x0000000704b00000|  0%| F|  |TAMS 0x0000000704a00000, 0x0000000704a00000| Untracked 
|  55|0x0000000704b00000, 0x0000000704b00000, 0x0000000704c00000|  0%| F|  |TAMS 0x0000000704b00000, 0x0000000704b00000| Untracked 
|  56|0x0000000704c00000, 0x0000000704c00000, 0x0000000704d00000|  0%| F|  |TAMS 0x0000000704c00000, 0x0000000704c00000| Untracked 
|  57|0x0000000704d00000, 0x0000000704d00000, 0x0000000704e00000|  0%| F|  |TAMS 0x0000000704d00000, 0x0000000704d00000| Untracked 
|  58|0x0000000704e00000, 0x0000000704e00000, 0x0000000704f00000|  0%| F|  |TAMS 0x0000000704e00000, 0x0000000704e00000| Untracked 
|  59|0x0000000704f00000, 0x0000000704f00000, 0x0000000705000000|  0%| F|  |TAMS 0x0000000704f00000, 0x0000000704f00000| Untracked 
|  60|0x0000000705000000, 0x0000000705000000, 0x0000000705100000|  0%| F|  |TAMS 0x0000000705000000, 0x0000000705000000| Untracked 
|  61|0x0000000705100000, 0x0000000705100000, 0x0000000705200000|  0%| F|  |TAMS 0x0000000705100000, 0x0000000705100000| Untracked 
|  62|0x0000000705200000, 0x0000000705200000, 0x0000000705300000|  0%| F|  |TAMS 0x0000000705200000, 0x0000000705200000| Untracked 
|  63|0x0000000705300000, 0x0000000705300000, 0x0000000705400000|  0%| F|  |TAMS 0x0000000705300000, 0x0000000705300000| Untracked 
|  64|0x0000000705400000, 0x0000000705400000, 0x0000000705500000|  0%| F|  |TAMS 0x0000000705400000, 0x0000000705400000| Untracked 
|  65|0x0000000705500000, 0x0000000705500000, 0x0000000705600000|  0%| F|  |TAMS 0x0000000705500000, 0x0000000705500000| Untracked 
|  66|0x0000000705600000, 0x0000000705600000, 0x0000000705700000|  0%| F|  |TAMS 0x0000000705600000, 0x0000000705600000| Untracked 
|  67|0x0000000705700000, 0x0000000705700000, 0x0000000705800000|  0%| F|  |TAMS 0x0000000705700000, 0x0000000705700000| Untracked 
|  68|0x0000000705800000, 0x0000000705800000, 0x0000000705900000|  0%| F|  |TAMS 0x0000000705800000, 0x0000000705800000| Untracked 
|  69|0x0000000705900000, 0x0000000705900000, 0x0000000705a00000|  0%| F|  |TAMS 0x0000000705900000, 0x0000000705900000| Untracked 
|  70|0x0000000705a00000, 0x0000000705a00000, 0x0000000705b00000|  0%| F|  |TAMS 0x0000000705a00000, 0x0000000705a00000| Untracked 
|  71|0x0000000705b00000, 0x0000000705b00000, 0x0000000705c00000|  0%| F|  |TAMS 0x0000000705b00000, 0x0000000705b00000| Untracked 
|  72|0x0000000705c00000, 0x0000000705c00000, 0x0000000705d00000|  0%| F|  |TAMS 0x0000000705c00000, 0x0000000705c00000| Untracked 
|  73|0x0000000705d00000, 0x0000000705d00000, 0x0000000705e00000|  0%| F|  |TAMS 0x0000000705d00000, 0x0000000705d00000| Untracked 
|  74|0x0000000705e00000, 0x0000000705e00000, 0x0000000705f00000|  0%| F|  |TAMS 0x0000000705e00000, 0x0000000705e00000| Untracked 
|  75|0x0000000705f00000, 0x0000000705f00000, 0x0000000706000000|  0%| F|  |TAMS 0x0000000705f00000, 0x0000000705f00000| Untracked 
|  76|0x0000000706000000, 0x0000000706000000, 0x0000000706100000|  0%| F|  |TAMS 0x0000000706000000, 0x0000000706000000| Untracked 
|  77|0x0000000706100000, 0x0000000706100000, 0x0000000706200000|  0%| F|  |TAMS 0x0000000706100000, 0x0000000706100000| Untracked 
|  78|0x0000000706200000, 0x0000000706200000, 0x0000000706300000|  0%| F|  |TAMS 0x0000000706200000, 0x0000000706200000| Untracked 
|  79|0x0000000706300000, 0x0000000706300000, 0x0000000706400000|  0%| F|  |TAMS 0x0000000706300000, 0x0000000706300000| Untracked 
|  80|0x0000000706400000, 0x0000000706400000, 0x0000000706500000|  0%| F|  |TAMS 0x0000000706400000, 0x0000000706400000| Untracked 
|  81|0x0000000706500000, 0x0000000706500000, 0x0000000706600000|  0%| F|  |TAMS 0x0000000706500000, 0x0000000706500000| Untracked 
|  82|0x0000000706600000, 0x0000000706600000, 0x0000000706700000|  0%| F|  |TAMS 0x0000000706600000, 0x0000000706600000| Untracked 
|  83|0x0000000706700000, 0x0000000706700000, 0x0000000706800000|  0%| F|  |TAMS 0x0000000706700000, 0x0000000706700000| Untracked 
|  84|0x0000000706800000, 0x0000000706800000, 0x0000000706900000|  0%| F|  |TAMS 0x0000000706800000, 0x0000000706800000| Untracked 
|  85|0x0000000706900000, 0x0000000706900000, 0x0000000706a00000|  0%| F|  |TAMS 0x0000000706900000, 0x0000000706900000| Untracked 
|  86|0x0000000706a00000, 0x0000000706a00000, 0x0000000706b00000|  0%| F|  |TAMS 0x0000000706a00000, 0x0000000706a00000| Untracked 
|  87|0x0000000706b00000, 0x0000000706b00000, 0x0000000706c00000|  0%| F|  |TAMS 0x0000000706b00000, 0x0000000706b00000| Untracked 
|  88|0x0000000706c00000, 0x0000000706c00000, 0x0000000706d00000|  0%| F|  |TAMS 0x0000000706c00000, 0x0000000706c00000| Untracked 
|  89|0x0000000706d00000, 0x0000000706d00000, 0x0000000706e00000|  0%| F|  |TAMS 0x0000000706d00000, 0x0000000706d00000| Untracked 
|  90|0x0000000706e00000, 0x0000000706e00000, 0x0000000706f00000|  0%| F|  |TAMS 0x0000000706e00000, 0x0000000706e00000| Untracked 
|  91|0x0000000706f00000, 0x0000000706f00000, 0x0000000707000000|  0%| F|  |TAMS 0x0000000706f00000, 0x0000000706f00000| Untracked 
|  92|0x0000000707000000, 0x0000000707000000, 0x0000000707100000|  0%| F|  |TAMS 0x0000000707000000, 0x0000000707000000| Untracked 
|  93|0x0000000707100000, 0x0000000707100000, 0x0000000707200000|  0%| F|  |TAMS 0x0000000707100000, 0x0000000707100000| Untracked 
|  94|0x0000000707200000, 0x0000000707200000, 0x0000000707300000|  0%| F|  |TAMS 0x0000000707200000, 0x0000000707200000| Untracked 
|  95|0x0000000707300000, 0x0000000707300000, 0x0000000707400000|  0%| F|  |TAMS 0x0000000707300000, 0x0000000707300000| Untracked 
|  96|0x0000000707400000, 0x0000000707400000, 0x0000000707500000|  0%| F|  |TAMS 0x0000000707400000, 0x0000000707400000| Untracked 
|  97|0x0000000707500000, 0x0000000707500000, 0x0000000707600000|  0%| F|  |TAMS 0x0000000707500000, 0x0000000707500000| Untracked 
|  98|0x0000000707600000, 0x0000000707600000, 0x0000000707700000|  0%| F|  |TAMS 0x0000000707600000, 0x0000000707600000| Untracked 
|  99|0x0000000707700000, 0x0000000707700000, 0x0000000707800000|  0%| F|  |TAMS 0x0000000707700000, 0x0000000707700000| Untracked 
| 100|0x0000000707800000, 0x0000000707800000, 0x0000000707900000|  0%| F|  |TAMS 0x0000000707800000, 0x0000000707800000| Untracked 
| 101|0x0000000707900000, 0x0000000707900000, 0x0000000707a00000|  0%| F|  |TAMS 0x0000000707900000, 0x0000000707900000| Untracked 
| 102|0x0000000707a00000, 0x0000000707a00000, 0x0000000707b00000|  0%| F|  |TAMS 0x0000000707a00000, 0x0000000707a00000| Untracked 
| 103|0x0000000707b00000, 0x0000000707b00000, 0x0000000707c00000|  0%| F|  |TAMS 0x0000000707b00000, 0x0000000707b00000| Untracked 
| 104|0x0000000707c00000, 0x0000000707c00000, 0x0000000707d00000|  0%| F|  |TAMS 0x0000000707c00000, 0x0000000707c00000| Untracked 
| 105|0x0000000707d00000, 0x0000000707d00000, 0x0000000707e00000|  0%| F|  |TAMS 0x0000000707d00000, 0x0000000707d00000| Untracked 
| 106|0x0000000707e00000, 0x0000000707e00000, 0x0000000707f00000|  0%| F|  |TAMS 0x0000000707e00000, 0x0000000707e00000| Untracked 
| 107|0x0000000707f00000, 0x0000000707f00000, 0x0000000708000000|  0%| F|  |TAMS 0x0000000707f00000, 0x0000000707f00000| Untracked 
| 108|0x0000000708000000, 0x0000000708000000, 0x0000000708100000|  0%| F|  |TAMS 0x0000000708000000, 0x0000000708000000| Untracked 
| 109|0x0000000708100000, 0x0000000708100000, 0x0000000708200000|  0%| F|  |TAMS 0x0000000708100000, 0x0000000708100000| Untracked 
| 110|0x0000000708200000, 0x0000000708200000, 0x0000000708300000|  0%| F|  |TAMS 0x0000000708200000, 0x0000000708200000| Untracked 
| 111|0x0000000708300000, 0x0000000708300000, 0x0000000708400000|  0%| F|  |TAMS 0x0000000708300000, 0x0000000708300000| Untracked 
| 112|0x0000000708400000, 0x0000000708400000, 0x0000000708500000|  0%| F|  |TAMS 0x0000000708400000, 0x0000000708400000| Untracked 
| 113|0x0000000708500000, 0x0000000708500000, 0x0000000708600000|  0%| F|  |TAMS 0x0000000708500000, 0x0000000708500000| Untracked 
| 114|0x0000000708600000, 0x0000000708600000, 0x0000000708700000|  0%| F|  |TAMS 0x0000000708600000, 0x0000000708600000| Untracked 
| 115|0x0000000708700000, 0x0000000708700000, 0x0000000708800000|  0%| F|  |TAMS 0x0000000708700000, 0x0000000708700000| Untracked 
| 116|0x0000000708800000, 0x0000000708800000, 0x0000000708900000|  0%| F|  |TAMS 0x0000000708800000, 0x0000000708800000| Untracked 
| 117|0x0000000708900000, 0x0000000708900000, 0x0000000708a00000|  0%| F|  |TAMS 0x0000000708900000, 0x0000000708900000| Untracked 
| 118|0x0000000708a00000, 0x0000000708a00000, 0x0000000708b00000|  0%| F|  |TAMS 0x0000000708a00000, 0x0000000708a00000| Untracked 
| 119|0x0000000708b00000, 0x0000000708b00000, 0x0000000708c00000|  0%| F|  |TAMS 0x0000000708b00000, 0x0000000708b00000| Untracked 
| 120|0x0000000708c00000, 0x0000000708c00000, 0x0000000708d00000|  0%| F|  |TAMS 0x0000000708c00000, 0x0000000708c00000| Untracked 
| 121|0x0000000708d00000, 0x0000000708d00000, 0x0000000708e00000|  0%| F|  |TAMS 0x0000000708d00000, 0x0000000708d00000| Untracked 
| 122|0x0000000708e00000, 0x0000000708e00000, 0x0000000708f00000|  0%| F|  |TAMS 0x0000000708e00000, 0x0000000708e00000| Untracked 
| 123|0x0000000708f00000, 0x0000000708f00000, 0x0000000709000000|  0%| F|  |TAMS 0x0000000708f00000, 0x0000000708f00000| Untracked 
| 124|0x0000000709000000, 0x0000000709000000, 0x0000000709100000|  0%| F|  |TAMS 0x0000000709000000, 0x0000000709000000| Untracked 
| 125|0x0000000709100000, 0x0000000709100000, 0x0000000709200000|  0%| F|  |TAMS 0x0000000709100000, 0x0000000709100000| Untracked 
| 126|0x0000000709200000, 0x0000000709200000, 0x0000000709300000|  0%| F|  |TAMS 0x0000000709200000, 0x0000000709200000| Untracked 
| 127|0x0000000709300000, 0x0000000709300000, 0x0000000709400000|  0%| F|  |TAMS 0x0000000709300000, 0x0000000709300000| Untracked 
| 128|0x0000000709400000, 0x0000000709400000, 0x0000000709500000|  0%| F|  |TAMS 0x0000000709400000, 0x0000000709400000| Untracked 
| 129|0x0000000709500000, 0x0000000709500000, 0x0000000709600000|  0%| F|  |TAMS 0x0000000709500000, 0x0000000709500000| Untracked 
| 130|0x0000000709600000, 0x0000000709600000, 0x0000000709700000|  0%| F|  |TAMS 0x0000000709600000, 0x0000000709600000| Untracked 
| 131|0x0000000709700000, 0x0000000709700000, 0x0000000709800000|  0%| F|  |TAMS 0x0000000709700000, 0x0000000709700000| Untracked 
| 132|0x0000000709800000, 0x0000000709800000, 0x0000000709900000|  0%| F|  |TAMS 0x0000000709800000, 0x0000000709800000| Untracked 
| 133|0x0000000709900000, 0x0000000709900000, 0x0000000709a00000|  0%| F|  |TAMS 0x0000000709900000, 0x0000000709900000| Untracked 
| 134|0x0000000709a00000, 0x0000000709a00000, 0x0000000709b00000|  0%| F|  |TAMS 0x0000000709a00000, 0x0000000709a00000| Untracked 
| 135|0x0000000709b00000, 0x0000000709b00000, 0x0000000709c00000|  0%| F|  |TAMS 0x0000000709b00000, 0x0000000709b00000| Untracked 
| 136|0x0000000709c00000, 0x0000000709c00000, 0x0000000709d00000|  0%| F|  |TAMS 0x0000000709c00000, 0x0000000709c00000| Untracked 
| 137|0x0000000709d00000, 0x0000000709d00000, 0x0000000709e00000|  0%| F|  |TAMS 0x0000000709d00000, 0x0000000709d00000| Untracked 
| 138|0x0000000709e00000, 0x0000000709e00000, 0x0000000709f00000|  0%| F|  |TAMS 0x0000000709e00000, 0x0000000709e00000| Untracked 
| 139|0x0000000709f00000, 0x0000000709f00000, 0x000000070a000000|  0%| F|  |TAMS 0x0000000709f00000, 0x0000000709f00000| Untracked 
| 140|0x000000070a000000, 0x000000070a000000, 0x000000070a100000|  0%| F|  |TAMS 0x000000070a000000, 0x000000070a000000| Untracked 
| 141|0x000000070a100000, 0x000000070a100000, 0x000000070a200000|  0%| F|  |TAMS 0x000000070a100000, 0x000000070a100000| Untracked 
| 142|0x000000070a200000, 0x000000070a200000, 0x000000070a300000|  0%| F|  |TAMS 0x000000070a200000, 0x000000070a200000| Untracked 
| 143|0x000000070a300000, 0x000000070a300000, 0x000000070a400000|  0%| F|  |TAMS 0x000000070a300000, 0x000000070a300000| Untracked 
| 144|0x000000070a400000, 0x000000070a400000, 0x000000070a500000|  0%| F|  |TAMS 0x000000070a400000, 0x000000070a400000| Untracked 
| 145|0x000000070a500000, 0x000000070a500000, 0x000000070a600000|  0%| F|  |TAMS 0x000000070a500000, 0x000000070a500000| Untracked 
| 146|0x000000070a600000, 0x000000070a600000, 0x000000070a700000|  0%| F|  |TAMS 0x000000070a600000, 0x000000070a600000| Untracked 
| 147|0x000000070a700000, 0x000000070a700000, 0x000000070a800000|  0%| F|  |TAMS 0x000000070a700000, 0x000000070a700000| Untracked 
| 148|0x000000070a800000, 0x000000070a800000, 0x000000070a900000|  0%| F|  |TAMS 0x000000070a800000, 0x000000070a800000| Untracked 
| 149|0x000000070a900000, 0x000000070a900000, 0x000000070aa00000|  0%| F|  |TAMS 0x000000070a900000, 0x000000070a900000| Untracked 
| 150|0x000000070aa00000, 0x000000070aa00000, 0x000000070ab00000|  0%| F|  |TAMS 0x000000070aa00000, 0x000000070aa00000| Untracked 
| 151|0x000000070ab00000, 0x000000070ab00000, 0x000000070ac00000|  0%| F|  |TAMS 0x000000070ab00000, 0x000000070ab00000| Untracked 
| 152|0x000000070ac00000, 0x000000070ac00000, 0x000000070ad00000|  0%| F|  |TAMS 0x000000070ac00000, 0x000000070ac00000| Untracked 
| 153|0x000000070ad00000, 0x000000070ad00000, 0x000000070ae00000|  0%| F|  |TAMS 0x000000070ad00000, 0x000000070ad00000| Untracked 
| 154|0x000000070ae00000, 0x000000070ae00000, 0x000000070af00000|  0%| F|  |TAMS 0x000000070ae00000, 0x000000070ae00000| Untracked 
| 155|0x000000070af00000, 0x000000070af00000, 0x000000070b000000|  0%| F|  |TAMS 0x000000070af00000, 0x000000070af00000| Untracked 
| 156|0x000000070b000000, 0x000000070b000000, 0x000000070b100000|  0%| F|  |TAMS 0x000000070b000000, 0x000000070b000000| Untracked 
| 157|0x000000070b100000, 0x000000070b100000, 0x000000070b200000|  0%| F|  |TAMS 0x000000070b100000, 0x000000070b100000| Untracked 
| 158|0x000000070b200000, 0x000000070b200000, 0x000000070b300000|  0%| F|  |TAMS 0x000000070b200000, 0x000000070b200000| Untracked 
| 159|0x000000070b300000, 0x000000070b300000, 0x000000070b400000|  0%| F|  |TAMS 0x000000070b300000, 0x000000070b300000| Untracked 
| 160|0x000000070b400000, 0x000000070b400000, 0x000000070b500000|  0%| F|  |TAMS 0x000000070b400000, 0x000000070b400000| Untracked 
| 161|0x000000070b500000, 0x000000070b500000, 0x000000070b600000|  0%| F|  |TAMS 0x000000070b500000, 0x000000070b500000| Untracked 
| 162|0x000000070b600000, 0x000000070b600000, 0x000000070b700000|  0%| F|  |TAMS 0x000000070b600000, 0x000000070b600000| Untracked 
| 163|0x000000070b700000, 0x000000070b700000, 0x000000070b800000|  0%| F|  |TAMS 0x000000070b700000, 0x000000070b700000| Untracked 
| 164|0x000000070b800000, 0x000000070b800000, 0x000000070b900000|  0%| F|  |TAMS 0x000000070b800000, 0x000000070b800000| Untracked 
| 165|0x000000070b900000, 0x000000070b900000, 0x000000070ba00000|  0%| F|  |TAMS 0x000000070b900000, 0x000000070b900000| Untracked 
| 166|0x000000070ba00000, 0x000000070ba00000, 0x000000070bb00000|  0%| F|  |TAMS 0x000000070ba00000, 0x000000070ba00000| Untracked 
| 167|0x000000070bb00000, 0x000000070bb00000, 0x000000070bc00000|  0%| F|  |TAMS 0x000000070bb00000, 0x000000070bb00000| Untracked 
| 168|0x000000070bc00000, 0x000000070bc00000, 0x000000070bd00000|  0%| F|  |TAMS 0x000000070bc00000, 0x000000070bc00000| Untracked 
| 169|0x000000070bd00000, 0x000000070bd00000, 0x000000070be00000|  0%| F|  |TAMS 0x000000070bd00000, 0x000000070bd00000| Untracked 
| 170|0x000000070be00000, 0x000000070be00000, 0x000000070bf00000|  0%| F|  |TAMS 0x000000070be00000, 0x000000070be00000| Untracked 
| 171|0x000000070bf00000, 0x000000070bf00000, 0x000000070c000000|  0%| F|  |TAMS 0x000000070bf00000, 0x000000070bf00000| Untracked 
| 172|0x000000070c000000, 0x000000070c000000, 0x000000070c100000|  0%| F|  |TAMS 0x000000070c000000, 0x000000070c000000| Untracked 
| 173|0x000000070c100000, 0x000000070c100000, 0x000000070c200000|  0%| F|  |TAMS 0x000000070c100000, 0x000000070c100000| Untracked 
| 174|0x000000070c200000, 0x000000070c200000, 0x000000070c300000|  0%| F|  |TAMS 0x000000070c200000, 0x000000070c200000| Untracked 
| 175|0x000000070c300000, 0x000000070c300000, 0x000000070c400000|  0%| F|  |TAMS 0x000000070c300000, 0x000000070c300000| Untracked 
| 176|0x000000070c400000, 0x000000070c400000, 0x000000070c500000|  0%| F|  |TAMS 0x000000070c400000, 0x000000070c400000| Untracked 
| 177|0x000000070c500000, 0x000000070c500000, 0x000000070c600000|  0%| F|  |TAMS 0x000000070c500000, 0x000000070c500000| Untracked 
| 178|0x000000070c600000, 0x000000070c600000, 0x000000070c700000|  0%| F|  |TAMS 0x000000070c600000, 0x000000070c600000| Untracked 
| 179|0x000000070c700000, 0x000000070c700000, 0x000000070c800000|  0%| F|  |TAMS 0x000000070c700000, 0x000000070c700000| Untracked 
| 180|0x000000070c800000, 0x000000070c800000, 0x000000070c900000|  0%| F|  |TAMS 0x000000070c800000, 0x000000070c800000| Untracked 
| 181|0x000000070c900000, 0x000000070c900000, 0x000000070ca00000|  0%| F|  |TAMS 0x000000070c900000, 0x000000070c900000| Untracked 
| 182|0x000000070ca00000, 0x000000070ca00000, 0x000000070cb00000|  0%| F|  |TAMS 0x000000070ca00000, 0x000000070ca00000| Untracked 
| 183|0x000000070cb00000, 0x000000070cb00000, 0x000000070cc00000|  0%| F|  |TAMS 0x000000070cb00000, 0x000000070cb00000| Untracked 
| 184|0x000000070cc00000, 0x000000070cc00000, 0x000000070cd00000|  0%| F|  |TAMS 0x000000070cc00000, 0x000000070cc00000| Untracked 
| 185|0x000000070cd00000, 0x000000070cd00000, 0x000000070ce00000|  0%| F|  |TAMS 0x000000070cd00000, 0x000000070cd00000| Untracked 
| 186|0x000000070ce00000, 0x000000070ce00000, 0x000000070cf00000|  0%| F|  |TAMS 0x000000070ce00000, 0x000000070ce00000| Untracked 
| 187|0x000000070cf00000, 0x000000070cf00000, 0x000000070d000000|  0%| F|  |TAMS 0x000000070cf00000, 0x000000070cf00000| Untracked 
| 188|0x000000070d000000, 0x000000070d000000, 0x000000070d100000|  0%| F|  |TAMS 0x000000070d000000, 0x000000070d000000| Untracked 
| 189|0x000000070d100000, 0x000000070d100000, 0x000000070d200000|  0%| F|  |TAMS 0x000000070d100000, 0x000000070d100000| Untracked 
| 190|0x000000070d200000, 0x000000070d200000, 0x000000070d300000|  0%| F|  |TAMS 0x000000070d200000, 0x000000070d200000| Untracked 
| 191|0x000000070d300000, 0x000000070d300000, 0x000000070d400000|  0%| F|  |TAMS 0x000000070d300000, 0x000000070d300000| Untracked 
| 192|0x000000070d400000, 0x000000070d400000, 0x000000070d500000|  0%| F|  |TAMS 0x000000070d400000, 0x000000070d400000| Untracked 
| 193|0x000000070d500000, 0x000000070d500000, 0x000000070d600000|  0%| F|  |TAMS 0x000000070d500000, 0x000000070d500000| Untracked 
| 194|0x000000070d600000, 0x000000070d600000, 0x000000070d700000|  0%| F|  |TAMS 0x000000070d600000, 0x000000070d600000| Untracked 
| 195|0x000000070d700000, 0x000000070d700000, 0x000000070d800000|  0%| F|  |TAMS 0x000000070d700000, 0x000000070d700000| Untracked 
| 196|0x000000070d800000, 0x000000070d800000, 0x000000070d900000|  0%| F|  |TAMS 0x000000070d800000, 0x000000070d800000| Untracked 
| 197|0x000000070d900000, 0x000000070d900000, 0x000000070da00000|  0%| F|  |TAMS 0x000000070d900000, 0x000000070d900000| Untracked 
| 198|0x000000070da00000, 0x000000070da00000, 0x000000070db00000|  0%| F|  |TAMS 0x000000070da00000, 0x000000070da00000| Untracked 
| 199|0x000000070db00000, 0x000000070db00000, 0x000000070dc00000|  0%| F|  |TAMS 0x000000070db00000, 0x000000070db00000| Untracked 
| 200|0x000000070dc00000, 0x000000070dc00000, 0x000000070dd00000|  0%| F|  |TAMS 0x000000070dc00000, 0x000000070dc00000| Untracked 
| 201|0x000000070dd00000, 0x000000070dd00000, 0x000000070de00000|  0%| F|  |TAMS 0x000000070dd00000, 0x000000070dd00000| Untracked 
| 202|0x000000070de00000, 0x000000070de00000, 0x000000070df00000|  0%| F|  |TAMS 0x000000070de00000, 0x000000070de00000| Untracked 
| 203|0x000000070df00000, 0x000000070df00000, 0x000000070e000000|  0%| F|  |TAMS 0x000000070df00000, 0x000000070df00000| Untracked 
| 204|0x000000070e000000, 0x000000070e000000, 0x000000070e100000|  0%| F|  |TAMS 0x000000070e000000, 0x000000070e000000| Untracked 
| 205|0x000000070e100000, 0x000000070e100000, 0x000000070e200000|  0%| F|  |TAMS 0x000000070e100000, 0x000000070e100000| Untracked 
| 206|0x000000070e200000, 0x000000070e200000, 0x000000070e300000|  0%| F|  |TAMS 0x000000070e200000, 0x000000070e200000| Untracked 
| 207|0x000000070e300000, 0x000000070e300000, 0x000000070e400000|  0%| F|  |TAMS 0x000000070e300000, 0x000000070e300000| Untracked 
| 208|0x000000070e400000, 0x000000070e400000, 0x000000070e500000|  0%| F|  |TAMS 0x000000070e400000, 0x000000070e400000| Untracked 
| 209|0x000000070e500000, 0x000000070e500000, 0x000000070e600000|  0%| F|  |TAMS 0x000000070e500000, 0x000000070e500000| Untracked 
| 210|0x000000070e600000, 0x000000070e600000, 0x000000070e700000|  0%| F|  |TAMS 0x000000070e600000, 0x000000070e600000| Untracked 
| 211|0x000000070e700000, 0x000000070e700000, 0x000000070e800000|  0%| F|  |TAMS 0x000000070e700000, 0x000000070e700000| Untracked 
| 212|0x000000070e800000, 0x000000070e800000, 0x000000070e900000|  0%| F|  |TAMS 0x000000070e800000, 0x000000070e800000| Untracked 
| 213|0x000000070e900000, 0x000000070e900000, 0x000000070ea00000|  0%| F|  |TAMS 0x000000070e900000, 0x000000070e900000| Untracked 
| 214|0x000000070ea00000, 0x000000070ea00000, 0x000000070eb00000|  0%| F|  |TAMS 0x000000070ea00000, 0x000000070ea00000| Untracked 
| 215|0x000000070eb00000, 0x000000070eb00000, 0x000000070ec00000|  0%| F|  |TAMS 0x000000070eb00000, 0x000000070eb00000| Untracked 
| 216|0x000000070ec00000, 0x000000070ec00000, 0x000000070ed00000|  0%| F|  |TAMS 0x000000070ec00000, 0x000000070ec00000| Untracked 
| 217|0x000000070ed00000, 0x000000070ed00000, 0x000000070ee00000|  0%| F|  |TAMS 0x000000070ed00000, 0x000000070ed00000| Untracked 
| 218|0x000000070ee00000, 0x000000070ee00000, 0x000000070ef00000|  0%| F|  |TAMS 0x000000070ee00000, 0x000000070ee00000| Untracked 
| 219|0x000000070ef00000, 0x000000070ef00000, 0x000000070f000000|  0%| F|  |TAMS 0x000000070ef00000, 0x000000070ef00000| Untracked 
| 220|0x000000070f000000, 0x000000070f000000, 0x000000070f100000|  0%| F|  |TAMS 0x000000070f000000, 0x000000070f000000| Untracked 
| 221|0x000000070f100000, 0x000000070f100000, 0x000000070f200000|  0%| F|  |TAMS 0x000000070f100000, 0x000000070f100000| Untracked 
| 222|0x000000070f200000, 0x000000070f200000, 0x000000070f300000|  0%| F|  |TAMS 0x000000070f200000, 0x000000070f200000| Untracked 
| 223|0x000000070f300000, 0x000000070f300000, 0x000000070f400000|  0%| F|  |TAMS 0x000000070f300000, 0x000000070f300000| Untracked 
| 224|0x000000070f400000, 0x000000070f400000, 0x000000070f500000|  0%| F|  |TAMS 0x000000070f400000, 0x000000070f400000| Untracked 
| 225|0x000000070f500000, 0x000000070f500000, 0x000000070f600000|  0%| F|  |TAMS 0x000000070f500000, 0x000000070f500000| Untracked 
| 226|0x000000070f600000, 0x000000070f600000, 0x000000070f700000|  0%| F|  |TAMS 0x000000070f600000, 0x000000070f600000| Untracked 
| 227|0x000000070f700000, 0x000000070f700000, 0x000000070f800000|  0%| F|  |TAMS 0x000000070f700000, 0x000000070f700000| Untracked 
| 228|0x000000070f800000, 0x000000070f800000, 0x000000070f900000|  0%| F|  |TAMS 0x000000070f800000, 0x000000070f800000| Untracked 
| 229|0x000000070f900000, 0x000000070f900000, 0x000000070fa00000|  0%| F|  |TAMS 0x000000070f900000, 0x000000070f900000| Untracked 
| 230|0x000000070fa00000, 0x000000070fa00000, 0x000000070fb00000|  0%| F|  |TAMS 0x000000070fa00000, 0x000000070fa00000| Untracked 
| 231|0x000000070fb00000, 0x000000070fb00000, 0x000000070fc00000|  0%| F|  |TAMS 0x000000070fb00000, 0x000000070fb00000| Untracked 
| 232|0x000000070fc00000, 0x000000070fc00000, 0x000000070fd00000|  0%| F|  |TAMS 0x000000070fc00000, 0x000000070fc00000| Untracked 
| 233|0x000000070fd00000, 0x000000070fd00000, 0x000000070fe00000|  0%| F|  |TAMS 0x000000070fd00000, 0x000000070fd00000| Untracked 
| 234|0x000000070fe00000, 0x000000070fe00000, 0x000000070ff00000|  0%| F|  |TAMS 0x000000070fe00000, 0x000000070fe00000| Untracked 
| 235|0x000000070ff00000, 0x000000070ff00000, 0x0000000710000000|  0%| F|  |TAMS 0x000000070ff00000, 0x000000070ff00000| Untracked 
| 236|0x0000000710000000, 0x0000000710000000, 0x0000000710100000|  0%| F|  |TAMS 0x0000000710000000, 0x0000000710000000| Untracked 
| 237|0x0000000710100000, 0x0000000710100000, 0x0000000710200000|  0%| F|  |TAMS 0x0000000710100000, 0x0000000710100000| Untracked 
| 238|0x0000000710200000, 0x0000000710200000, 0x0000000710300000|  0%| F|  |TAMS 0x0000000710200000, 0x0000000710200000| Untracked 
| 239|0x0000000710300000, 0x0000000710300000, 0x0000000710400000|  0%| F|  |TAMS 0x0000000710300000, 0x0000000710300000| Untracked 
| 240|0x0000000710400000, 0x0000000710400000, 0x0000000710500000|  0%| F|  |TAMS 0x0000000710400000, 0x0000000710400000| Untracked 
| 241|0x0000000710500000, 0x0000000710500000, 0x0000000710600000|  0%| F|  |TAMS 0x0000000710500000, 0x0000000710500000| Untracked 
| 242|0x0000000710600000, 0x0000000710600000, 0x0000000710700000|  0%| F|  |TAMS 0x0000000710600000, 0x0000000710600000| Untracked 
| 243|0x0000000710700000, 0x0000000710700000, 0x0000000710800000|  0%| F|  |TAMS 0x0000000710700000, 0x0000000710700000| Untracked 
| 244|0x0000000710800000, 0x0000000710800000, 0x0000000710900000|  0%| F|  |TAMS 0x0000000710800000, 0x0000000710800000| Untracked 
| 245|0x0000000710900000, 0x0000000710900000, 0x0000000710a00000|  0%| F|  |TAMS 0x0000000710900000, 0x0000000710900000| Untracked 
| 246|0x0000000710a00000, 0x0000000710a00000, 0x0000000710b00000|  0%| F|  |TAMS 0x0000000710a00000, 0x0000000710a00000| Untracked 
| 247|0x0000000710b00000, 0x0000000710b00000, 0x0000000710c00000|  0%| F|  |TAMS 0x0000000710b00000, 0x0000000710b00000| Untracked 
| 248|0x0000000710c00000, 0x0000000710c00000, 0x0000000710d00000|  0%| F|  |TAMS 0x0000000710c00000, 0x0000000710c00000| Untracked 
| 249|0x0000000710d00000, 0x0000000710d00000, 0x0000000710e00000|  0%| F|  |TAMS 0x0000000710d00000, 0x0000000710d00000| Untracked 
| 250|0x0000000710e00000, 0x0000000710ef86c8, 0x0000000710f00000| 97%| E|  |TAMS 0x0000000710e00000, 0x0000000710e00000| Complete 
| 251|0x0000000710f00000, 0x0000000711000000, 0x0000000711000000|100%| E|CS|TAMS 0x0000000710f00000, 0x0000000710f00000| Complete 
| 252|0x0000000711000000, 0x0000000711100000, 0x0000000711100000|100%| E|CS|TAMS 0x0000000711000000, 0x0000000711000000| Complete 
| 253|0x0000000711100000, 0x0000000711200000, 0x0000000711200000|100%| E|CS|TAMS 0x0000000711100000, 0x0000000711100000| Complete 
| 254|0x0000000711200000, 0x0000000711300000, 0x0000000711300000|100%| E|CS|TAMS 0x0000000711200000, 0x0000000711200000| Complete 
| 255|0x0000000711300000, 0x0000000711400000, 0x0000000711400000|100%| E|CS|TAMS 0x0000000711300000, 0x0000000711300000| Complete 

Card table byte_map: [0x000002144fd70000,0x0000021450570000] _byte_map_base: 0x000002144c566000

Marking Bits (Prev, Next): (CMBitMap*) 0x0000021437c2efa8, (CMBitMap*) 0x0000021437c2efe0
 Prev Bits: [0x0000021450d70000, 0x0000021454d20000)
 Next Bits: [0x0000021454d20000, 0x0000021458cd0000)

Polling page: 0x00000214359f0000

Metaspace:

Usage:
  Non-class:      7.53 MB capacity,     7.38 MB ( 98%) used,   149.98 KB (  2%) free+waste,     8.00 KB ( <1%) overhead. 
      Class:    728.00 KB capacity,   689.63 KB ( 95%) used,    34.80 KB (  5%) free+waste,     3.56 KB ( <1%) overhead. 
       Both:      8.25 MB capacity,     8.05 MB ( 98%) used,   184.78 KB (  2%) free+waste,    11.56 KB ( <1%) overhead. 

Virtual space:
  Non-class space:        8.00 MB reserved,       7.75 MB ( 97%) committed 
      Class space:        1.00 GB reserved,     768.00 KB ( <1%) committed 
             Both:        1.01 GB reserved,       8.50 MB ( <1%) committed 

Chunk freelists:
   Non-Class:  29.00 KB
       Class:  8.00 KB
        Both:  37.00 KB

MaxMetaspaceSize: 17179869184.00 GB
CompressedClassSpaceSize: 1.00 GB

CodeHeap 'non-profiled nmethods': size=120000Kb used=111Kb max_used=111Kb free=119888Kb
 bounds [0x0000021447d10000, 0x0000021447f80000, 0x000002144f240000]
CodeHeap 'profiled nmethods': size=120000Kb used=592Kb max_used=592Kb free=119407Kb
 bounds [0x00000214407e0000, 0x0000021440a50000, 0x0000021447d10000]
CodeHeap 'non-nmethods': size=5760Kb used=1370Kb max_used=1370Kb free=4389Kb
 bounds [0x0000021440240000, 0x00000214404b0000, 0x00000214407e0000]
 total_blobs=1271 nmethods=446 adapters=737
 compilation: enabled
              stopped_count=0, restarted_count=0
 full_count=0

Compilation events (20 events):
Event: 0.170 Thread 0x000002145c127000 nmethod 430 0x0000021447d2ab90 code [0x0000021447d2ad20, 0x0000021447d2ad98]
Event: 0.170 Thread 0x000002145c12b000 nmethod 434 0x000002144086f990 code [0x000002144086fba0, 0x00000214408701e8]
Event: 0.170 Thread 0x000002145c12b000  435       3       sun.misc.Unsafe::putByte (9 bytes)
Event: 0.171 Thread 0x000002145c12b000 nmethod 435 0x0000021440870410 code [0x00000214408705c0, 0x0000021440870738]
Event: 0.171 Thread 0x000002145c12b000  436       3       jdk.internal.misc.Unsafe::putByte (8 bytes)
Event: 0.171 Thread 0x000002145c12b000 nmethod 436 0x0000021440870810 code [0x00000214408709c0, 0x0000021440870ad8]
Event: 0.171 Thread 0x000002145c12b000  438       3       sun.misc.Unsafe::putInt (11 bytes)
Event: 0.171 Thread 0x000002145c12b000 nmethod 438 0x0000021440870b90 code [0x0000021440870d40, 0x0000021440870e38]
Event: 0.171 Thread 0x000002145c12b000  440       3       org.lwjgl.system.MemoryUtil::encodeASCII (66 bytes)
Event: 0.171 Thread 0x000002145c12b000 nmethod 440 0x0000021440870f10 code [0x0000021440871120, 0x00000214408716b8]
Event: 0.207 Thread 0x000002145c12b000  442       3       java.io.InputStream::<init> (5 bytes)
Event: 0.207 Thread 0x000002145c12b000 nmethod 442 0x0000021440871910 code [0x0000021440871ac0, 0x0000021440871c18]
Event: 0.368 Thread 0x000002145c12b000  443       3       java.lang.String::lastIndexOf (29 bytes)
Event: 0.368 Thread 0x000002145c12b000 nmethod 443 0x0000021440871d10 code [0x0000021440871ee0, 0x0000021440872178]
Event: 0.368 Thread 0x000002145c12b000  445       3       java.util.ArrayList::add (25 bytes)
Event: 0.369 Thread 0x000002145c12b000 nmethod 445 0x0000021440872290 code [0x00000214408724a0, 0x0000021440872a78]
Event: 0.369 Thread 0x000002145c12b000  444       1       java.security.CodeSource::getLocationNoFragString (5 bytes)
Event: 0.369 Thread 0x000002145c12b000 nmethod 444 0x0000021447d2bb90 code [0x0000021447d2bd40, 0x0000021447d2bdf8]
Event: 0.369 Thread 0x000002145c12b000  446       3       java.util.zip.ZipFile$Source::getEntryPos (206 bytes)
Event: 0.370 Thread 0x000002145c12b000 nmethod 446 0x0000021440872d10 code [0x0000021440872f80, 0x0000021440873c58]

GC Heap History (0 events):
No events

Deoptimization events (6 events):
Event: 0.055 Thread 0x0000021437bc9800 Uncommon trap: trap_request=0xffffff4d fr.pc=0x0000021447d14520 relative=0x0000000000000200
Event: 0.055 Thread 0x0000021437bc9800 Uncommon trap: reason=unstable_if action=reinterpret pc=0x0000021447d14520 method=java.lang.String.hashCode()I @ 14 c2
Event: 0.055 Thread 0x0000021437bc9800 DEOPT PACKING pc=0x0000021447d14520 sp=0x000000cb4abfd3e0
Event: 0.055 Thread 0x0000021437bc9800 DEOPT UNPACKING pc=0x000002144026772f sp=0x000000cb4abfd378 mode 2
Event: 0.369 Thread 0x000002145c3bc000 DEOPT PACKING pc=0x0000021440819c68 sp=0x000000cb4bcfe2e0
Event: 0.369 Thread 0x000002145c3bc000 DEOPT UNPACKING pc=0x000002144026754e sp=0x000000cb4bcfd738 mode 0

Classes redefined (0 events):
No events

Internal exceptions (2 events):
Event: 0.111 Thread 0x000002145c3bc000 Exception <a 'java/lang/NoSuchMethodError'{0x00000007110d99b8}: 'void java.lang.invoke.DelegatingMethodHandle$Holder.delegate(java.lang.Object, java.lang.Object, int, java.lang.Object)'> (0x00000007110d99b8) thrown at [./src/hotspot/share/interpreter/linkResolver.cpp, line 773]
Event: 0.111 Thread 0x000002145c3bc000 Exception <a 'java/lang/NoSuchMethodError'{0x00000007110e0fb8}: 'java.lang.Object java.lang.invoke.DirectMethodHandle$Holder.invokeStaticInit(java.lang.Object, java.lang.Object, java.lang.Object)'> (0x00000007110e0fb8) thrown at [./src/hotspot/share/interpreter/linkResolver.cpp, line 773]

Events (20 events):
Event: 0.167 loading class org/lwjgl/BufferUtils
Event: 0.167 loading class org/lwjgl/BufferUtils done
Event: 0.168 loading class org/lwjgl/system/windows/WinBase
Event: 0.168 loading class org/lwjgl/system/windows/WinBase done
Event: 0.170 loading class org/lwjgl/glfw/GLFW$Functions
Event: 0.170 loading class org/lwjgl/glfw/GLFW$Functions done
Event: 0.171 loading class org/lwjgl/system/JNI
Event: 0.171 loading class org/lwjgl/system/JNI done
Event: 0.207 loading class org/lwjgl/glfw/EventLoop$OffScreen
Event: 0.207 loading class org/lwjgl/glfw/EventLoop$OffScreen done
Event: 0.367 loading class org/lwjgl/glfw/GLFWVidMode
Event: 0.367 loading class org/lwjgl/glfw/GLFWVidMode done
Event: 0.367 loading class org/lwjgl/system/Struct
Event: 0.367 loading class org/lwjgl/system/Struct done
Event: 0.368 loading class org/lwjgl/system/Struct$Member
Event: 0.368 loading class org/lwjgl/system/Struct$Member done
Event: 0.368 loading class org/lwjgl/system/Struct$Layout
Event: 0.368 loading class org/lwjgl/system/Struct$Layout done
Event: 0.369 loading class org/lwjgl/glfw/EventLoop$OnScreen
Event: 0.369 loading class org/lwjgl/glfw/EventLoop$OnScreen done


Dynamic libraries:
0x00007ff764b80000 - 0x00007ff764b8d000 	C:\Users\Pichau\AppData\Local\Programs\AdoptOpenJDK\jdk-11.0.8.10-hotspot\bin\javaw.exe
0x00007ffc7f470000 - 0x00007ffc7f665000 	C:\Windows\SYSTEM32\ntdll.dll
0x00007ffc7efa0000 - 0x00007ffc7f05d000 	C:\Windows\System32\KERNEL32.DLL
0x00007ffc7d040000 - 0x00007ffc7d309000 	C:\Windows\System32\KERNELBASE.dll
0x00007ffc7cc00000 - 0x00007ffc7cd00000 	C:\Windows\System32\ucrtbase.dll
0x00007ffc6e660000 - 0x00007ffc6e677000 	C:\Users\Pichau\AppData\Local\Programs\AdoptOpenJDK\jdk-11.0.8.10-hotspot\bin\jli.dll
0x00007ffc6a8c0000 - 0x00007ffc6a8d5000 	C:\Users\Pichau\AppData\Local\Programs\AdoptOpenJDK\jdk-11.0.8.10-hotspot\bin\VCRUNTIME140.dll
0x00007ffc7d4d0000 - 0x00007ffc7d670000 	C:\Windows\System32\USER32.dll
0x00007ffc645b0000 - 0x00007ffc6484a000 	C:\Windows\WinSxS\amd64_microsoft.windows.common-controls_6595b64144ccf1df_6.0.19041.844_none_ca00b6081b84eb1d\COMCTL32.dll
0x00007ffc7cd90000 - 0x00007ffc7cdb2000 	C:\Windows\System32\win32u.dll
0x00007ffc7f060000 - 0x00007ffc7f0fe000 	C:\Windows\System32\msvcrt.dll
0x00007ffc7dee0000 - 0x00007ffc7df0a000 	C:\Windows\System32\GDI32.dll
0x00007ffc7d310000 - 0x00007ffc7d41b000 	C:\Windows\System32\gdi32full.dll
0x00007ffc7cfa0000 - 0x00007ffc7d03d000 	C:\Windows\System32\msvcp_win.dll
0x00007ffc7f230000 - 0x00007ffc7f260000 	C:\Windows\System32\IMM32.DLL
0x00007ffc57cb0000 - 0x00007ffc57d4b000 	C:\Users\Pichau\AppData\Local\Programs\AdoptOpenJDK\jdk-11.0.8.10-hotspot\bin\msvcp140.dll
0x00007ffc12590000 - 0x00007ffc1304d000 	C:\Users\Pichau\AppData\Local\Programs\AdoptOpenJDK\jdk-11.0.8.10-hotspot\bin\server\jvm.dll
0x00007ffc7ede0000 - 0x00007ffc7ee8c000 	C:\Windows\System32\ADVAPI32.dll
0x00007ffc7f390000 - 0x00007ffc7f42c000 	C:\Windows\System32\sechost.dll
0x00007ffc7f100000 - 0x00007ffc7f22b000 	C:\Windows\System32\RPCRT4.dll
0x00007ffc7de70000 - 0x00007ffc7de78000 	C:\Windows\System32\PSAPI.DLL
0x00007ffc788d0000 - 0x00007ffc788d9000 	C:\Windows\SYSTEM32\WSOCK32.dll
0x00007ffc6fec0000 - 0x00007ffc6fee7000 	C:\Windows\SYSTEM32\WINMM.dll
0x00007ffc768a0000 - 0x00007ffc768aa000 	C:\Windows\SYSTEM32\VERSION.dll
0x00007ffc7ea10000 - 0x00007ffc7ea7b000 	C:\Windows\System32\WS2_32.dll
0x00007ffc7ab30000 - 0x00007ffc7ab42000 	C:\Windows\SYSTEM32\kernel.appcore.dll
0x00007ffc787e0000 - 0x00007ffc787f0000 	C:\Users\Pichau\AppData\Local\Programs\AdoptOpenJDK\jdk-11.0.8.10-hotspot\bin\verify.dll
0x00007ffc75b90000 - 0x00007ffc75d74000 	C:\Windows\SYSTEM32\DBGHELP.DLL
0x00007ffc590d0000 - 0x00007ffc590fc000 	C:\Windows\SYSTEM32\dbgcore.DLL
0x00007ffc7cdc0000 - 0x00007ffc7ce40000 	C:\Windows\System32\bcryptPrimitives.dll
0x00007ffc73ab0000 - 0x00007ffc73ad8000 	C:\Users\Pichau\AppData\Local\Programs\AdoptOpenJDK\jdk-11.0.8.10-hotspot\bin\java.dll
0x00007ffc78470000 - 0x00007ffc7847a000 	C:\Users\Pichau\AppData\Local\Programs\AdoptOpenJDK\jdk-11.0.8.10-hotspot\bin\jimage.dll
0x00007ffc73a90000 - 0x00007ffc73aa7000 	C:\Users\Pichau\AppData\Local\Programs\AdoptOpenJDK\jdk-11.0.8.10-hotspot\bin\zip.dll
0x00007ffc7d720000 - 0x00007ffc7de62000 	C:\Windows\System32\SHELL32.dll
0x00007ffc7ad30000 - 0x00007ffc7b4c0000 	C:\Windows\SYSTEM32\windows.storage.dll
0x00007ffc7e4b0000 - 0x00007ffc7e805000 	C:\Windows\System32\combase.dll
0x00007ffc7c620000 - 0x00007ffc7c64c000 	C:\Windows\SYSTEM32\Wldp.dll
0x00007ffc7e400000 - 0x00007ffc7e4ae000 	C:\Windows\System32\SHCORE.dll
0x00007ffc7de80000 - 0x00007ffc7ded5000 	C:\Windows\System32\shlwapi.dll
0x00007ffc7caf0000 - 0x00007ffc7cb0f000 	C:\Windows\SYSTEM32\profapi.dll
0x00007ffc6fe60000 - 0x00007ffc6fe79000 	C:\Users\Pichau\AppData\Local\Programs\AdoptOpenJDK\jdk-11.0.8.10-hotspot\bin\net.dll
0x00007ffc75e80000 - 0x00007ffc75f8c000 	C:\Windows\SYSTEM32\WINHTTP.dll
0x00007ffc7c3a0000 - 0x00007ffc7c40a000 	C:\Windows\system32\mswsock.dll
0x00007ffc6fe40000 - 0x00007ffc6fe52000 	C:\Users\Pichau\AppData\Local\Programs\AdoptOpenJDK\jdk-11.0.8.10-hotspot\bin\nio.dll
0x00007ffc4d4b0000 - 0x00007ffc4d522000 	C:\Users\Pichau\AppData\Local\Temp\lwjglFelipe\3.2.2-build-10\lwjgl.dll
0x00007ffc4e360000 - 0x00007ffc4e3be000 	C:\Users\Pichau\AppData\Local\Temp\lwjglFelipe\3.2.2-build-10\glfw.dll
0x00007ffc7a670000 - 0x00007ffc7a70e000 	C:\Windows\system32\uxtheme.dll
0x00007ffc57c60000 - 0x00007ffc57ca5000 	C:\Windows\SYSTEM32\dinput8.dll
0x00007ffc5bda0000 - 0x00007ffc5bdb1000 	C:\Windows\SYSTEM32\xinput1_4.dll
0x00007ffc7cbb0000 - 0x00007ffc7cbfe000 	C:\Windows\System32\cfgmgr32.dll
0x00007ffc7c960000 - 0x00007ffc7c98c000 	C:\Windows\SYSTEM32\DEVOBJ.dll
0x00007ffc7a950000 - 0x00007ffc7a97f000 	C:\Windows\SYSTEM32\dwmapi.dll
0x00007ffc6d6a0000 - 0x00007ffc6d7f2000 	C:\Windows\SYSTEM32\inputhost.dll
0x00007ffc7ea90000 - 0x00007ffc7eb5d000 	C:\Windows\System32\OLEAUT32.dll
0x00007ffc7a210000 - 0x00007ffc7a302000 	C:\Windows\SYSTEM32\CoreMessaging.dll
0x00007ffc797a0000 - 0x00007ffc798f4000 	C:\Windows\SYSTEM32\wintypes.dll
0x00007ffc786c0000 - 0x00007ffc787b7000 	C:\Windows\SYSTEM32\PROPSYS.dll
0x00007ffc79e70000 - 0x00007ffc7a1ce000 	C:\Windows\SYSTEM32\CoreUIComponents.dll
0x00007ffc7b900000 - 0x00007ffc7b933000 	C:\Windows\SYSTEM32\ntmarta.dll
0x00007ffc7e810000 - 0x00007ffc7e925000 	C:\Windows\System32\MSCTF.dll
0x00007ffc7b4c0000 - 0x00007ffc7b4cd000 	C:\Windows\SYSTEM32\HID.DLL
0x00007ffc7df90000 - 0x00007ffc7e3f9000 	C:\Windows\System32\SETUPAPI.DLL
0x00007ffc7cd60000 - 0x00007ffc7cd87000 	C:\Windows\System32\bcrypt.dll
0x00007ffc7cd00000 - 0x00007ffc7cd60000 	C:\Windows\System32\WINTRUST.dll
0x00007ffc7ce40000 - 0x00007ffc7cf9f000 	C:\Windows\System32\CRYPT32.dll
0x00007ffc7c7a0000 - 0x00007ffc7c7b2000 	C:\Windows\SYSTEM32\MSASN1.dll
0x00007ffc4e020000 - 0x00007ffc4e146000 	C:\Windows\SYSTEM32\opengl32.dll
0x00007ffc73bb0000 - 0x00007ffc73bdc000 	C:\Windows\SYSTEM32\GLU32.dll
0x00007ffc7d670000 - 0x00007ffc7d719000 	C:\Windows\System32\clbcatq.dll
0x00007ffc0fbf0000 - 0x00007ffc12589000 	C:\Windows\System32\DriverStore\FileRepository\nv_dispi.inf_amd64_1c83a5d7cffd7bff\nvoglv64.dll
0x00007ffc7f260000 - 0x00007ffc7f38a000 	C:\Windows\System32\ole32.dll
0x00007ffc78970000 - 0x00007ffc78984000 	C:\Windows\SYSTEM32\WTSAPI32.dll
0x00007ffc768d0000 - 0x00007ffc76901000 	C:\Windows\SYSTEM32\cryptnet.dll
0x00007ffc7c590000 - 0x00007ffc7c59c000 	C:\Windows\SYSTEM32\cryptbase.dll
0x00007ffc74040000 - 0x00007ffc7407b000 	C:\Windows\SYSTEM32\dxcore.dll
0x00007ffc5e650000 - 0x00007ffc5e909000 	C:\Windows\system32\nvspcap64.dll
0x00007ffc7c1b0000 - 0x00007ffc7c1fb000 	C:\Windows\SYSTEM32\powrprof.dll
0x00007ffc7c020000 - 0x00007ffc7c032000 	C:\Windows\SYSTEM32\UMPDC.dll
0x00007ffc7b9b0000 - 0x00007ffc7ba0a000 	C:\Windows\SYSTEM32\WINSTA.dll
0x00007ffc6d9c0000 - 0x00007ffc6dabb000 	C:\Windows\SYSTEM32\textinputframework.dll

dbghelp: loaded successfully - version: 4.0.5 - missing functions: none
symbol engine: initialized successfully - sym options: 0x614 - pdb path: .;C:\Users\Pichau\AppData\Local\Programs\AdoptOpenJDK\jdk-11.0.8.10-hotspot\bin;C:\Windows\SYSTEM32;C:\Windows\WinSxS\amd64_microsoft.windows.common-controls_6595b64144ccf1df_6.0.19041.844_none_ca00b6081b84eb1d;C:\Users\Pichau\AppData\Local\Programs\AdoptOpenJDK\jdk-11.0.8.10-hotspot\bin\server;C:\Users\Pichau\AppData\Local\Temp\lwjglFelipe\3.2.2-build-10;C:\Windows\System32\DriverStore\FileRepository\nv_dispi.inf_amd64_1c83a5d7cffd7bff

VM Arguments:
jvm_args: -Dfile.encoding=Cp1252 
java_command: main.App
java_class_path (initial): C:\Users\Pichau\Documents\Programao\Java\Eclipse\Jars\lwjgl.jar;C:\Users\Pichau\Documents\Programao\Java\Eclipse\Jars\lwjgl-assimp.jar;C:\Users\Pichau\Documents\Programao\Java\Eclipse\Jars\lwjgl-assimp-natives-windows.jar;C:\Users\Pichau\Documents\Programao\Java\Eclipse\Jars\lwjgl-bgfx.jar;C:\Users\Pichau\Documents\Programao\Java\Eclipse\Jars\lwjgl-bgfx-natives-windows.jar;C:\Users\Pichau\Documents\Programao\Java\Eclipse\Jars\lwjgl-glfw.jar;C:\Users\Pichau\Documents\Programao\Java\Eclipse\Jars\lwjgl-glfw-natives-windows.jar;C:\Users\Pichau\Documents\Programao\Java\Eclipse\Jars\lwjgl-nanovg.jar;C:\Users\Pichau\Documents\Programao\Java\Eclipse\Jars\lwjgl-nanovg-natives-windows.jar;C:\Users\Pichau\Documents\Programao\Java\Eclipse\Jars\lwjgl-natives-windows.jar;C:\Users\Pichau\Documents\Programao\Java\Eclipse\Jars\lwjgl-nuklear.jar;C:\Users\Pichau\Documents\Programao\Java\Eclipse\Jars\lwjgl-nuklear-natives-windows.jar;C:\Users\Pichau\Documents\Programao\Java\Eclipse\Jars\lwjgl-openal.jar;C:\Users\Pichau\Documents\Programao\Java\Eclipse\Jars\lwjgl-openal-natives-windows.jar;C:\Users\Pichau\Documents\Programao\Java\Eclipse\Jars\lwjgl-opengl.jar;C:\Users\Pichau\Documents\Programao\Java\Eclipse\Jars\lwjgl-opengl-natives-windows.jar;C:\Users\Pichau\Documents\Programao\Java\Eclipse\Jars\lwjgl-par.jar;C:\Users\Pichau\Documents\Programao\Java\Eclipse\Jars\lwjgl-par-natives-windows.jar;C:\Users\Pichau\Documents\Programao\Java\Eclipse\Jars\lwjgl-stb.jar;C:\Users\Pichau\Documents\Programao\Java\Eclipse\Jars\lwjgl-stb-natives-windows.jar;C:\Users\Pichau\Documents\Programao\Java\Eclipse\Jars\lwjgl-vulkan.jar;C:\Users\Pichau\Documents\Programao\Java\Eclipse\LWJGL\bin
Launcher Type: SUN_STANDARD

[Global flags]
     intx CICompilerCount                          = 4                                         {product} {ergonomic}
     uint ConcGCThreads                            = 2                                         {product} {ergonomic}
     uint G1ConcRefinementThreads                  = 8                                         {product} {ergonomic}
   size_t G1HeapRegionSize                         = 1048576                                   {product} {ergonomic}
    uintx GCDrainStackTargetSize                   = 64                                        {product} {ergonomic}
   size_t InitialHeapSize                          = 268435456                                 {product} {ergonomic}
   size_t MarkStackSize                            = 4194304                                   {product} {ergonomic}
   size_t MaxHeapSize                              = 4273995776                                {product} {ergonomic}
   size_t MaxNewSize                               = 2563768320                                {product} {ergonomic}
   size_t MinHeapDeltaBytes                        = 1048576                                   {product} {ergonomic}
    uintx NonNMethodCodeHeapSize                   = 5836300                                {pd product} {ergonomic}
    uintx NonProfiledCodeHeapSize                  = 122910970                              {pd product} {ergonomic}
    uintx ProfiledCodeHeapSize                     = 122910970                              {pd product} {ergonomic}
    uintx ReservedCodeCacheSize                    = 251658240                              {pd product} {ergonomic}
     bool SegmentedCodeCache                       = true                                      {product} {ergonomic}
     bool UseCompressedClassPointers               = true                                 {lp64_product} {ergonomic}
     bool UseCompressedOops                        = true                                 {lp64_product} {ergonomic}
     bool UseG1GC                                  = true                                      {product} {ergonomic}
     bool UseLargePagesIndividualAllocation        = false                                  {pd product} {ergonomic}

Logging:
Log output configuration:
 #0: stdout all=warning uptime,level,tags
 #1: stderr all=off uptime,level,tags

Environment Variables:
JAVA_HOME=C:\Users\Pichau\AppData\Local\Programs\AdoptOpenJDK\jdk-11.0.8.10-hotspot\
PATH=C:/Users/Pichau/AppData/Local/Programs/AdoptOpenJDK/jdk-11.0.8.10-hotspot/bin/client;C:/Users/Pichau/AppData/Local/Programs/AdoptOpenJDK/jdk-11.0.8.10-hotspot/bin;C:\Python39\Scripts\;C:\Python39\;C:\Program Files (x86)\Common Files\Oracle\Java\javapath;C:\ProgramData\Oracle\Java\javapath;C:\Windows\system32;C:\Windows;C:\Windows\System32\Wbem;C:\Windows\System32\WindowsPowerShell\v1.0\;C:\Windows\System32\OpenSSH\;C:\Program Files (x86)\NVIDIA Corporation\PhysX\Common;C:\Program Files\NVIDIA Corporation\NVIDIA NvDLISR;C:\Go\bin;C:\Program Files\OpenJDK\openjdk-11.0.10_9\bin;D:\MinGW\bin;D:\cmake-3.19.0-rc3-win64-x64\bin;C:\Program Files\nodejs\;C:\ProgramData\chocolatey\bin;C:\Program Files\OpenJDK\openjdk-11.0.10_9\bin;C:\Users\Pichau\AppData\Roaming\npm\bin;C:\Users\Pichau\AppData\Local\Android\Sdk\emulator;C:\Users\Pichau\AppData\Local\Android\Sdk\tools;C:\Users\Pichau\AppData\Local\Android\Sdk\tools\bin;C:\Users\Pichau\AppData\Local\Android\Sdk\platform-tools;C:\Users\Pichau\AppData\Local\Yarn\bin;C:\Users\Pichau\AppData\Local\Android\Sdk\platform-tools;C:\Program Files\Git\cmd;C:\Users\Pichau\AppData\Local\Programs\AdoptOpenJDK\jdk-11.0.8.10-hotspot\bin;C:\Users\Pichau\AppData\Local\Microsoft\WindowsApps;;C:\Users\Pichau\AppData\Local\Programs\Microsoft VS Code\bin;C:\Users\Pichau\go\bin;C:\Users\Pichau\AppData\Roaming\npm;C:\Windows\System32;
USERNAME=Felipe
OS=Windows_NT
PROCESSOR_IDENTIFIER=Intel64 Family 6 Model 158 Stepping 13, GenuineIntel



---------------  S Y S T E M  ---------------

OS: Windows 10 , 64 bit Build 19041 (10.0.19041.804)
OS uptime: 2 days 7:29 hours

CPU:total 8 (initial active 8) (8 cores per cpu, 1 threads per core) family 6 model 158 stepping 13, cmov, cx8, fxsr, mmx, sse, sse2, sse3, ssse3, sse4.1, sse4.2, popcnt, avx, avx2, aes, clmul, erms, rtm, 3dnowpref, lzcnt, tsc, tscinvbit, bmi1, bmi2, adx, fma

Memory: 4k page, system-wide physical 16298M (9946M free)
TotalPageFile size 23210M (AvailPageFile size 12512M)
current process WorkingSet (physical memory assigned to process): 80M, peak: 80M
current process commit charge ("private bytes"): 384M, peak: 384M

vm_info: OpenJDK 64-Bit Server VM (11.0.8+10) for windows-amd64 JRE (11.0.8+10), built on Jul 15 2020 11:45:54 by "" with MS VC++ 15.9 (VS2017)

END.
